<?xml version="1.0" encoding="UTF-8"?>
<testng-results ignored="0" total="2" passed="2" failed="0" skipped="0">
  <reporter-output>
  </reporter-output>
  <suite started-at="2023-10-30T15:29:40 IST" name="Default suite" finished-at="2023-10-30T15:29:55 IST" duration-ms="14594">
    <groups>
    </groups>
    <test started-at="2023-10-30T15:29:40 IST" name="Default test" finished-at="2023-10-30T15:29:55 IST" duration-ms="14594">
      <class name="dockerIntegration.dockerIntro">
        <test-method signature="firstTest()[pri:1, instance:dockerIntegration.dockerIntro@409bf450]" started-at="2023-10-30T15:29:40 IST" name="firstTest" finished-at="2023-10-30T15:29:45 IST" duration-ms="4624" status="PASS">
          <reporter-output>
          </reporter-output>
        </test-method> <!-- firstTest -->
        <test-method signature="secondTest()[pri:2, instance:dockerIntegration.dockerIntro@409bf450]" started-at="2023-10-30T15:29:45 IST" name="secondTest" finished-at="2023-10-30T15:29:55 IST" duration-ms="9807" status="PASS">
          <reporter-output>
          </reporter-output>
        </test-method> <!-- secondTest -->
      </class> <!-- dockerIntegration.dockerIntro -->
    </test> <!-- Default test -->
  </suite> <!-- Default suite -->
</testng-results>
