<?xml version="1.0" encoding="UTF-8"?>
<testng-results ignored="0" total="2" passed="2" failed="0" skipped="0">
  <reporter-output>
  </reporter-output>
  <suite started-at="2023-11-01T11:39:40 IST" name="Default suite" finished-at="2023-11-01T11:39:47 IST" duration-ms="7700">
    <groups>
    </groups>
    <test started-at="2023-11-01T11:39:40 IST" name="Default test" finished-at="2023-11-01T11:39:47 IST" duration-ms="7700">
      <class name="dockerIntegration.dockerIntro">
        <test-method signature="firstTest(java.lang.String)[pri:0, instance:dockerIntegration.dockerIntro@459e9125]" started-at="2023-11-01T11:39:40 IST" name="firstTest" data-provider="getdata" finished-at="2023-11-01T11:39:47 IST" duration-ms="7592" status="PASS">
          <params>
            <param index="0">
              <value>
                <![CDATA[chrome]]>
              </value>
            </param>
          </params>
          <reporter-output>
          </reporter-output>
        </test-method> <!-- firstTest -->
        <test-method signature="firstTest(java.lang.String)[pri:0, instance:dockerIntegration.dockerIntro@459e9125]" started-at="2023-11-01T11:39:40 IST" name="firstTest" data-provider="getdata" finished-at="2023-11-01T11:39:45 IST" duration-ms="5043" status="PASS">
          <params>
            <param index="0">
              <value>
                <![CDATA[firefox]]>
              </value>
            </param>
          </params>
          <reporter-output>
          </reporter-output>
        </test-method> <!-- firstTest -->
      </class> <!-- dockerIntegration.dockerIntro -->
    </test> <!-- Default test -->
  </suite> <!-- Default suite -->
</testng-results>
